<?xml version="1.0" encoding="UTF-8"?>
<testng-results ignored="1" total="3" passed="2" failed="0" skipped="0">
  <reporter-output>
  </reporter-output>
  <suite started-at="2023-04-03T14:15:03 IST" name="Testing" finished-at="2023-04-03T14:15:03 IST" duration-ms="58">
    <groups>
    </groups>
    <test started-at="2023-04-03T14:15:03 IST" name="RegressionTest" finished-at="2023-04-03T14:15:03 IST" duration-ms="58">
      <class name="Test.Day8">
        <test-method signature="HomeLoan()[pri:0, instance:Test.Day8@2525ff7e]" started-at="2023-04-03T14:15:03 IST" name="HomeLoan" finished-at="2023-04-03T14:15:03 IST" duration-ms="10" status="PASS">
          <reporter-output>
          </reporter-output>
        </test-method> <!-- HomeLoan -->
        <test-method signature="HomeloanAPI()[pri:0, instance:Test.Day8@2525ff7e]" started-at="2023-04-03T14:15:03 IST" name="HomeloanAPI" finished-at="2023-04-03T14:15:03 IST" duration-ms="2" status="PASS">
          <reporter-output>
          </reporter-output>
        </test-method> <!-- HomeloanAPI -->
      </class> <!-- Test.Day8 -->
    </test> <!-- RegressionTest -->
  </suite> <!-- Testing -->
</testng-results>
