<?xml version="1.0" encoding="UTF-8"?>
<!-- Generated by org.testng.reporters.JUnitXMLReporter -->
<testsuite ignored="1" hostname="inlen8520017715" failures="0" tests="3" name="PersonalLoan" time="0.013" errors="0" timestamp="2023-04-03T14:14:28 IST">
  <testcase classname="Test.Day3" name="HomeLoan" time="0.003"/>
  <testcase classname="Test.Day3" name="HomeloanAPI" time="0.001"/>
  <testcase classname="Test.Day4" name="CarloanAPI" time="0.001"/>
  <testcase classname="Test.Day3" name="HomeLoanMObile" time="0.0">
    <ignored/>
  </testcase> <!-- HomeLoanMObile -->
</testsuite> <!-- PersonalLoan -->
