<?xml version="1.0" encoding="UTF-8"?>
<!-- Generated by org.testng.reporters.JUnitXMLReporter -->
<testsuite ignored="1" hostname="inlen8520017715" failures="0" tests="2" name="RegressionTest" time="0.058" errors="0" timestamp="2023-04-03T14:15:03 IST">
  <testcase classname="Test.Day8" name="HomeLoan" time="0.01"/>
  <testcase classname="Test.Day8" name="HomeloanAPI" time="0.002"/>
  <testcase classname="Test.Day8" name="HomeLoanMObile" time="0.0">
    <ignored/>
  </testcase> <!-- HomeLoanMObile -->
</testsuite> <!-- RegressionTest -->
