<?xml version="1.0" encoding="UTF-8"?>
<!-- Generated by org.testng.reporters.JUnitXMLReporter -->
<testsuite ignored="0" hostname="inlen8520017715" failures="0" tests="4" name="Test" time="0.066" errors="0" timestamp="2023-04-03T14:14:28 IST">
  <testcase classname="Test.Day1" name="Demo" time="0.009"/>
  <testcase classname="Test.Day1" name="SecondTest" time="0.001"/>
  <testcase classname="Test.Day2" name="Bike" time="0.001"/>
  <testcase classname="Test.Day2" name="Car" time="0.001"/>
</testsuite> <!-- Test -->
