<?xml version="1.0" encoding="UTF-8"?>
<!-- Generated by org.testng.reporters.JUnitXMLReporter -->
<testsuite ignored="0" hostname="inlen8520017715" failures="0" tests="10" name="TestPackage" time="0.047" errors="0" timestamp="2023-03-20T16:46:51 IST">
  <testcase classname="Test.Day1" name="Demo" time="0.006"/>
  <testcase classname="Test.Day1" name="SecondTest" time="0.001"/>
  <testcase classname="Test.Day2" name="Bike" time="0.0"/>
  <testcase classname="Test.Day2" name="Car" time="0.001"/>
  <testcase classname="Test.Day3" name="HomeLoan" time="0.001"/>
  <testcase classname="Test.Day3" name="HomeLoanMObile" time="0.001"/>
  <testcase classname="Test.Day3" name="HomeloanAPI" time="0.0"/>
  <testcase classname="Test.Day4" name="CarLoan" time="0.001"/>
  <testcase classname="Test.Day4" name="CarLoanMObile" time="0.001"/>
  <testcase classname="Test.Day4" name="CarloanAPI" time="0.001"/>
</testsuite> <!-- TestPackage -->
